TN:
SF:lib/fileUploadHandler.js
FN:6,(anonymous_0)
FN:32,(anonymous_1)
FN:78,(anonymous_2)
FNF:3
FNH:1
FNDA:1,(anonymous_0)
FNDA:0,(anonymous_1)
FNDA:0,(anonymous_2)
DA:7,1
DA:8,1
DA:9,1
DA:21,1
DA:22,0
DA:33,0
DA:35,0
DA:36,0
DA:40,0
DA:41,0
DA:45,0
DA:46,0
DA:50,0
DA:51,0
DA:52,0
DA:55,0
DA:58,0
DA:69,0
DA:70,0
DA:79,0
DA:82,0
DA:84,0
LF:22
LH:4
BRDA:6,0,0,0
BRDA:6,1,0,0
BRDA:6,2,0,0
BRDA:21,3,0,0
BRDA:21,3,1,1
BRDA:35,4,0,0
BRDA:35,4,1,0
BRDA:35,5,0,0
BRDA:35,5,1,0
BRDA:35,5,2,0
BRDA:35,5,3,0
BRDA:40,6,0,0
BRDA:40,6,1,0
BRDA:45,7,0,0
BRDA:45,7,1,0
BRF:15
BRH:1
end_of_record
TN:
SF:lib/sessionManager.js
FN:17,(anonymous_0)
FN:21,(anonymous_1)
FN:24,(anonymous_2)
FN:25,(anonymous_3)
FN:35,(anonymous_4)
FN:67,(anonymous_5)
FN:81,(anonymous_6)
FN:99,(anonymous_7)
FN:117,(anonymous_8)
FN:132,(anonymous_9)
FN:146,(anonymous_10)
FN:153,(anonymous_11)
FN:191,(anonymous_12)
FN:218,(anonymous_13)
FN:230,(anonymous_14)
FN:249,(anonymous_15)
FN:254,(anonymous_16)
FN:258,(anonymous_17)
FNF:18
FNH:2
FNDA:1,(anonymous_0)
FNDA:0,(anonymous_1)
FNDA:0,(anonymous_2)
FNDA:0,(anonymous_3)
FNDA:1,(anonymous_4)
FNDA:0,(anonymous_5)
FNDA:0,(anonymous_6)
FNDA:0,(anonymous_7)
FNDA:0,(anonymous_8)
FNDA:0,(anonymous_9)
FNDA:0,(anonymous_10)
FNDA:0,(anonymous_11)
FNDA:0,(anonymous_12)
FNDA:0,(anonymous_13)
FNDA:0,(anonymous_14)
FNDA:0,(anonymous_15)
FNDA:0,(anonymous_16)
FNDA:0,(anonymous_17)
DA:4,1
DA:5,1
DA:18,1
DA:19,1
DA:20,1
DA:21,0
DA:24,1
DA:25,1
DA:36,1
DA:37,0
DA:39,0
DA:57,0
DA:58,0
DA:59,0
DA:68,0
DA:69,0
DA:70,0
DA:72,0
DA:82,0
DA:83,0
DA:84,0
DA:88,0
DA:89,0
DA:91,0
DA:100,0
DA:101,0
DA:103,0
DA:104,0
DA:106,0
DA:108,0
DA:118,0
DA:119,0
DA:120,0
DA:121,0
DA:123,0
DA:133,0
DA:134,0
DA:135,0
DA:137,0
DA:147,0
DA:154,0
DA:155,0
DA:157,0
DA:159,0
DA:160,0
DA:164,0
DA:165,0
DA:166,0
DA:169,0
DA:170,0
DA:171,0
DA:173,0
DA:178,0
DA:179,0
DA:182,0
DA:192,0
DA:193,0
DA:194,0
DA:197,0
DA:198,0
DA:201,0
DA:202,0
DA:203,0
DA:205,0
DA:206,0
DA:208,0
DA:209,0
DA:219,0
DA:220,0
DA:221,0
DA:223,0
DA:231,0
DA:232,0
DA:235,0
DA:236,0
DA:237,0
DA:238,0
DA:241,0
DA:242,0
DA:250,0
DA:251,0
DA:255,0
DA:259,0
LF:83
LH:8
BRDA:17,0,0,0
BRDA:35,1,0,1
BRDA:43,2,0,0
BRDA:43,2,1,0
BRDA:69,3,0,0
BRDA:69,3,1,0
BRDA:72,4,0,0
BRDA:72,4,1,0
BRDA:83,5,0,0
BRDA:83,5,1,0
BRDA:100,6,0,0
BRDA:100,6,1,0
BRDA:103,7,0,0
BRDA:103,7,1,0
BRDA:119,8,0,0
BRDA:119,8,1,0
BRDA:134,9,0,0
BRDA:134,9,1,0
BRDA:134,10,0,0
BRDA:134,10,1,0
BRDA:159,11,0,0
BRDA:159,11,1,0
BRDA:164,12,0,0
BRDA:164,12,1,0
BRDA:178,13,0,0
BRDA:178,13,1,0
BRDA:193,14,0,0
BRDA:193,14,1,0
BRDA:201,15,0,0
BRDA:201,15,1,0
BRDA:220,16,0,0
BRDA:220,16,1,0
BRDA:223,17,0,0
BRDA:223,17,1,0
BRDA:236,18,0,0
BRDA:236,18,1,0
BRF:36
BRH:1
end_of_record
TN:
SF:lib/streamingHandler.js
FN:9,(anonymous_0)
FN:20,(anonymous_1)
FN:47,(anonymous_2)
FNF:3
FNH:0
FNDA:0,(anonymous_0)
FNDA:0,(anonymous_1)
FNDA:0,(anonymous_2)
DA:10,0
DA:11,0
DA:21,0
DA:22,0
DA:23,0
DA:26,0
DA:27,0
DA:31,0
DA:32,0
DA:46,0
DA:47,0
DA:48,0
DA:51,0
DA:52,0
DA:55,0
DA:56,0
DA:57,0
DA:59,0
DA:60,0
DA:61,0
DA:62,0
DA:64,0
DA:65,0
DA:66,0
DA:68,0
DA:69,0
DA:71,0
DA:72,0
DA:75,0
DA:76,0
DA:80,0
DA:81,0
DA:82,0
DA:84,0
DA:89,0
DA:91,0
DA:96,0
DA:99,0
DA:100,0
LF:39
LH:0
BRDA:22,0,0,0
BRDA:22,0,1,0
BRDA:27,1,0,0
BRDA:27,1,1,0
BRDA:46,2,0,0
BRDA:46,2,1,0
BRDA:48,3,0,0
BRDA:48,3,1,0
BRDA:51,4,0,0
BRDA:51,4,1,0
BRDA:62,5,0,0
BRDA:62,5,1,0
BRDA:66,6,0,0
BRDA:66,6,1,0
BRDA:69,7,0,0
BRDA:69,7,1,0
BRDA:75,8,0,0
BRDA:75,8,1,0
BRDA:75,9,0,0
BRDA:75,9,1,0
BRF:20
BRH:0
end_of_record
TN:
SF:lib/tools.js
FN:7,discoverTools
FN:8,(anonymous_1)
FNF:2
FNH:0
FNDA:0,discoverTools
FNDA:0,(anonymous_1)
DA:8,0
DA:9,0
DA:10,0
DA:15,0
LF:4
LH:0
BRF:0
BRH:0
end_of_record
