TN:
SF:lib/agentManager.js
FN:25,getAgentConfigurations
FN:56,clearAgentCache
FNF:2
FNH:0
FNDA:0,getAgentConfigurations
FNDA:0,clearAgentCache
DA:8,0
DA:9,0
DA:11,0
DA:12,0
DA:14,0
DA:26,0
DA:28,0
DA:29,0
DA:30,0
DA:33,0
DA:34,0
DA:35,0
DA:36,0
DA:38,0
DA:42,0
DA:43,0
DA:45,0
DA:47,0
DA:48,0
DA:49,0
DA:57,0
DA:61,0
DA:64,0
LF:23
LH:0
BRDA:28,0,0,0
BRDA:28,0,1,0
BRDA:28,1,0,0
BRDA:28,1,1,0
BRF:4
BRH:0
end_of_record
TN:
SF:lib/config.js
FN:16,getWorkspaceId
FN:24,isWorkspaceConfigured
FNF:2
FNH:0
FNDA:0,getWorkspaceId
FNDA:0,isWorkspaceConfigured
DA:9,0
DA:17,0
DA:25,0
DA:28,0
LF:4
LH:0
BRF:0
BRH:0
end_of_record
TN:
SF:lib/fileUploadHandler.js
FN:6,(anonymous_0)
FN:32,(anonymous_1)
FN:78,(anonymous_2)
FNF:3
FNH:0
FNDA:0,(anonymous_0)
FNDA:0,(anonymous_1)
FNDA:0,(anonymous_2)
DA:1,0
DA:2,0
DA:3,0
DA:7,0
DA:8,0
DA:9,0
DA:21,0
DA:22,0
DA:33,0
DA:35,0
DA:36,0
DA:40,0
DA:41,0
DA:45,0
DA:46,0
DA:50,0
DA:51,0
DA:52,0
DA:55,0
DA:58,0
DA:69,0
DA:70,0
DA:79,0
DA:82,0
DA:84,0
DA:89,0
LF:26
LH:0
BRDA:6,0,0,0
BRDA:6,1,0,0
BRDA:6,2,0,0
BRDA:21,3,0,0
BRDA:21,3,1,0
BRDA:35,4,0,0
BRDA:35,4,1,0
BRDA:35,5,0,0
BRDA:35,5,1,0
BRDA:35,5,2,0
BRDA:35,5,3,0
BRDA:40,6,0,0
BRDA:40,6,1,0
BRDA:45,7,0,0
BRDA:45,7,1,0
BRF:15
BRH:0
end_of_record
TN:
SF:lib/sessionManager.js
FN:67,(anonymous_0)
FN:94,(anonymous_1)
FN:99,(anonymous_2)
FN:100,(anonymous_3)
FN:103,(anonymous_4)
FN:112,(anonymous_5)
FN:130,(anonymous_6)
FN:145,(anonymous_7)
FN:153,(anonymous_8)
FN:174,(anonymous_9)
FN:230,(anonymous_10)
FN:244,(anonymous_11)
FN:262,(anonymous_12)
FN:281,(anonymous_13)
FN:296,(anonymous_14)
FN:310,(anonymous_15)
FN:325,(anonymous_16)
FN:338,(anonymous_17)
FN:351,(anonymous_18)
FN:358,(anonymous_19)
FN:385,(anonymous_20)
FN:412,(anonymous_21)
FN:424,(anonymous_22)
FN:443,(anonymous_23)
FN:448,(anonymous_24)
FN:452,(anonymous_25)
FNF:26
FNH:0
FNDA:0,(anonymous_0)
FNDA:0,(anonymous_1)
FNDA:0,(anonymous_2)
FNDA:0,(anonymous_3)
FNDA:0,(anonymous_4)
FNDA:0,(anonymous_5)
FNDA:0,(anonymous_6)
FNDA:0,(anonymous_7)
FNDA:0,(anonymous_8)
FNDA:0,(anonymous_9)
FNDA:0,(anonymous_10)
FNDA:0,(anonymous_11)
FNDA:0,(anonymous_12)
FNDA:0,(anonymous_13)
FNDA:0,(anonymous_14)
FNDA:0,(anonymous_15)
FNDA:0,(anonymous_16)
FNDA:0,(anonymous_17)
FNDA:0,(anonymous_18)
FNDA:0,(anonymous_19)
FNDA:0,(anonymous_20)
FNDA:0,(anonymous_21)
FNDA:0,(anonymous_22)
FNDA:0,(anonymous_23)
FNDA:0,(anonymous_24)
FNDA:0,(anonymous_25)
DA:1,0
DA:2,0
DA:3,0
DA:4,0
DA:5,0
DA:6,0
DA:7,0
DA:8,0
DA:9,0
DA:14,0
DA:15,0
DA:16,0
DA:17,0
DA:73,0
DA:74,0
DA:77,0
DA:82,0
DA:88,0
DA:89,0
DA:93,0
DA:94,0
DA:99,0
DA:100,0
DA:103,0
DA:104,0
DA:113,0
DA:114,0
DA:115,0
DA:116,0
DA:118,0
DA:120,0
DA:121,0
DA:131,0
DA:132,0
DA:134,0
DA:135,0
DA:137,0
DA:138,0
DA:146,0
DA:147,0
DA:148,0
DA:152,0
DA:154,0
DA:158,0
DA:175,0
DA:176,0
DA:178,0
DA:179,0
DA:183,0
DA:184,0
DA:185,0
DA:186,0
DA:187,0
DA:190,0
DA:191,0
DA:192,0
DA:195,0
DA:196,0
DA:199,0
DA:219,0
DA:220,0
DA:221,0
DA:222,0
DA:231,0
DA:232,0
DA:233,0
DA:235,0
DA:245,0
DA:246,0
DA:247,0
DA:251,0
DA:252,0
DA:253,0
DA:254,0
DA:263,0
DA:264,0
DA:266,0
DA:267,0
DA:269,0
DA:270,0
DA:272,0
DA:282,0
DA:283,0
DA:284,0
DA:285,0
DA:287,0
DA:297,0
DA:298,0
DA:299,0
DA:301,0
DA:311,0
DA:312,0
DA:313,0
DA:314,0
DA:315,0
DA:316,0
DA:318,0
DA:326,0
DA:327,0
DA:330,0
DA:332,0
DA:333,0
DA:338,0
DA:339,0
DA:340,0
DA:341,0
DA:342,0
DA:344,0
DA:345,0
DA:350,0
DA:352,0
DA:353,0
DA:357,0
DA:358,0
DA:360,0
DA:366,0
DA:367,0
DA:373,0
DA:386,0
DA:387,0
DA:388,0
DA:391,0
DA:392,0
DA:395,0
DA:396,0
DA:397,0
DA:398,0
DA:399,0
DA:400,0
DA:402,0
DA:403,0
DA:413,0
DA:414,0
DA:415,0
DA:417,0
DA:425,0
DA:426,0
DA:429,0
DA:430,0
DA:431,0
DA:432,0
DA:435,0
DA:436,0
DA:444,0
DA:445,0
DA:449,0
DA:453,0
DA:457,0
LF:148
LH:0
BRDA:67,0,0,0
BRDA:70,1,0,0
BRDA:78,2,0,0
BRDA:78,2,1,0
BRDA:83,3,0,0
BRDA:83,3,1,0
BRDA:84,4,0,0
BRDA:84,4,1,0
BRDA:88,5,0,0
BRDA:88,5,1,0
BRDA:132,6,0,0
BRDA:132,6,1,0
BRDA:146,7,0,0
BRDA:146,7,1,0
BRDA:174,8,0,0
BRDA:178,9,0,0
BRDA:178,9,1,0
BRDA:178,10,0,0
BRDA:178,10,1,0
BRDA:183,11,0,0
BRDA:183,11,1,0
BRDA:183,12,0,0
BRDA:183,12,1,0
BRDA:186,13,0,0
BRDA:186,13,1,0
BRDA:187,14,0,0
BRDA:187,14,1,0
BRDA:191,15,0,0
BRDA:191,15,1,0
BRDA:192,16,0,0
BRDA:192,16,1,0
BRDA:203,17,0,0
BRDA:203,17,1,0
BRDA:232,18,0,0
BRDA:232,18,1,0
BRDA:235,19,0,0
BRDA:235,19,1,0
BRDA:246,20,0,0
BRDA:246,20,1,0
BRDA:263,21,0,0
BRDA:263,21,1,0
BRDA:266,22,0,0
BRDA:266,22,1,0
BRDA:283,23,0,0
BRDA:283,23,1,0
BRDA:298,24,0,0
BRDA:298,24,1,0
BRDA:298,25,0,0
BRDA:298,25,1,0
BRDA:312,26,0,0
BRDA:312,26,1,0
BRDA:332,27,0,0
BRDA:332,27,1,0
BRDA:332,28,0,0
BRDA:332,28,1,0
BRDA:366,29,0,0
BRDA:366,29,1,0
BRDA:366,30,0,0
BRDA:366,30,1,0
BRDA:375,31,0,0
BRDA:375,31,1,0
BRDA:387,32,0,0
BRDA:387,32,1,0
BRDA:395,33,0,0
BRDA:395,33,1,0
BRDA:414,34,0,0
BRDA:414,34,1,0
BRDA:417,35,0,0
BRDA:417,35,1,0
BRDA:430,36,0,0
BRDA:430,36,1,0
BRF:71
BRH:0
end_of_record
TN:
SF:lib/streamingHandler.js
FN:31,(anonymous_0)
FN:43,(anonymous_1)
FN:53,(anonymous_2)
FN:63,(anonymous_3)
FN:66,(anonymous_4)
FN:99,(anonymous_5)
FN:111,(anonymous_6)
FN:131,(anonymous_7)
FN:251,(anonymous_8)
FNF:9
FNH:0
FNDA:0,(anonymous_0)
FNDA:0,(anonymous_1)
FNDA:0,(anonymous_2)
FNDA:0,(anonymous_3)
FNDA:0,(anonymous_4)
FNDA:0,(anonymous_5)
FNDA:0,(anonymous_6)
FNDA:0,(anonymous_7)
FNDA:0,(anonymous_8)
DA:5,0
DA:32,0
DA:33,0
DA:34,0
DA:35,0
DA:36,0
DA:44,0
DA:45,0
DA:46,0
DA:54,0
DA:55,0
DA:56,0
DA:64,0
DA:65,0
DA:66,0
DA:69,0
DA:71,0
DA:72,0
DA:77,0
DA:78,0
DA:80,0
DA:81,0
DA:82,0
DA:83,0
DA:86,0
DA:88,0
DA:89,0
DA:91,0
DA:92,0
DA:95,0
DA:96,0
DA:97,0
DA:99,0
DA:100,0
DA:103,0
DA:112,0
DA:113,0
DA:114,0
DA:115,0
DA:116,0
DA:117,0
DA:118,0
DA:120,0
DA:133,0
DA:134,0
DA:135,0
DA:136,0
DA:139,0
DA:140,0
DA:144,0
DA:159,0
DA:160,0
DA:163,0
DA:165,0
DA:166,0
DA:169,0
DA:170,0
DA:171,0
DA:172,0
DA:174,0
DA:175,0
DA:176,0
DA:177,0
DA:179,0
DA:180,0
DA:181,0
DA:183,0
DA:184,0
DA:186,0
DA:187,0
DA:190,0
DA:191,0
DA:192,0
DA:196,0
DA:197,0
DA:198,0
DA:199,0
DA:201,0
DA:207,0
DA:209,0
DA:219,0
DA:220,0
DA:222,0
DA:224,0
DA:227,0
DA:235,0
DA:238,0
DA:239,0
DA:240,0
DA:241,0
DA:242,0
DA:244,0
DA:253,0
DA:254,0
DA:256,0
LF:95
LH:0
BRDA:31,0,0,0
BRDA:34,1,0,0
BRDA:34,1,1,0
BRDA:35,2,0,0
BRDA:35,2,1,0
BRDA:54,3,0,0
BRDA:54,3,1,0
BRDA:55,4,0,0
BRDA:55,4,1,0
BRDA:55,5,0,0
BRDA:55,5,1,0
BRDA:63,6,0,0
BRDA:80,7,0,0
BRDA:80,7,1,0
BRDA:91,8,0,0
BRDA:91,8,1,0
BRDA:95,9,0,0
BRDA:95,9,1,0
BRDA:95,10,0,0
BRDA:95,10,1,0
BRDA:113,11,0,0
BRDA:113,11,1,0
BRDA:131,12,0,0
BRDA:135,13,0,0
BRDA:135,13,1,0
BRDA:140,14,0,0
BRDA:140,14,1,0
BRDA:159,15,0,0
BRDA:159,15,1,0
BRDA:165,16,0,0
BRDA:165,16,1,0
BRDA:177,17,0,0
BRDA:177,17,1,0
BRDA:181,18,0,0
BRDA:181,18,1,0
BRDA:184,19,0,0
BRDA:184,19,1,0
BRDA:190,20,0,0
BRDA:190,20,1,0
BRDA:190,21,0,0
BRDA:190,21,1,0
BRDA:190,21,2,0
BRDA:196,22,0,0
BRDA:196,22,1,0
BRDA:238,23,0,0
BRDA:238,23,1,0
BRF:46
BRH:0
end_of_record
TN:
SF:lib/tools.js
FN:7,discoverTools
FN:8,(anonymous_1)
FNF:2
FNH:0
FNDA:0,discoverTools
FNDA:0,(anonymous_1)
DA:8,0
DA:9,0
DA:10,0
DA:15,0
LF:4
LH:0
BRF:0
BRH:0
end_of_record
TN:
SF:lib/agent/AgentService.js
FN:19,(anonymous_0)
FN:71,(anonymous_1)
FN:90,(anonymous_2)
FN:113,(anonymous_3)
FN:149,(anonymous_4)
FN:217,(anonymous_5)
FN:246,(anonymous_6)
FN:262,(anonymous_7)
FNF:8
FNH:0
FNDA:0,(anonymous_0)
FNDA:0,(anonymous_1)
FNDA:0,(anonymous_2)
FNDA:0,(anonymous_3)
FNDA:0,(anonymous_4)
FNDA:0,(anonymous_5)
FNDA:0,(anonymous_6)
FNDA:0,(anonymous_7)
DA:26,0
DA:27,0
DA:30,0
DA:31,0
DA:32,0
DA:35,0
DA:38,0
DA:44,0
DA:47,0
DA:50,0
DA:59,0
DA:60,0
DA:61,0
DA:62,0
DA:72,0
DA:73,0
DA:74,0
DA:75,0
DA:78,0
DA:87,0
DA:90,0
DA:91,0
DA:92,0
DA:96,0
DA:97,0
DA:101,0
DA:114,0
DA:116,0
DA:119,0
DA:126,0
DA:131,0
DA:137,0
DA:138,0
DA:150,0
DA:152,0
DA:154,0
DA:157,0
DA:160,0
DA:169,0
DA:179,0
DA:181,0
DA:188,0
DA:191,0
DA:192,0
DA:199,0
DA:202,0
DA:224,0
DA:228,0
DA:245,0
DA:246,0
DA:247,0
DA:250,0
DA:251,0
DA:264,0
DA:265,0
DA:266,0
DA:268,0
DA:272,0
DA:275,0
DA:276,0
LF:60
LH:0
BRDA:19,0,0,0
BRDA:21,1,0,0
BRDA:22,2,0,0
BRDA:23,3,0,0
BRDA:24,4,0,0
BRDA:26,5,0,0
BRDA:26,5,1,0
BRDA:72,6,0,0
BRDA:72,6,1,0
BRDA:74,7,0,0
BRDA:74,7,1,0
BRDA:82,8,0,0
BRDA:82,8,1,0
BRDA:96,9,0,0
BRDA:96,9,1,0
BRDA:113,10,0,0
BRDA:222,11,0,0
BRDA:224,12,0,0
BRDA:224,12,1,0
BRDA:245,13,0,0
BRDA:245,13,1,0
BRDA:247,14,0,0
BRDA:247,14,1,0
BRDA:275,15,0,0
BRDA:275,15,1,0
BRF:25
BRH:0
end_of_record
TN:
SF:lib/conversation/ConversationManager.js
FN:39,(anonymous_0)
FN:83,(anonymous_1)
FN:123,(anonymous_2)
FN:149,(anonymous_3)
FN:157,(anonymous_4)
FN:169,(anonymous_5)
FN:220,(anonymous_6)
FN:235,(anonymous_7)
FN:299,(anonymous_8)
FN:319,(anonymous_9)
FN:323,(anonymous_10)
FN:338,(anonymous_11)
FN:362,(anonymous_12)
FNF:13
FNH:0
FNDA:0,(anonymous_0)
FNDA:0,(anonymous_1)
FNDA:0,(anonymous_2)
FNDA:0,(anonymous_3)
FNDA:0,(anonymous_4)
FNDA:0,(anonymous_5)
FNDA:0,(anonymous_6)
FNDA:0,(anonymous_7)
FNDA:0,(anonymous_8)
FNDA:0,(anonymous_9)
FNDA:0,(anonymous_10)
FNDA:0,(anonymous_11)
FNDA:0,(anonymous_12)
DA:6,0
DA:16,0
DA:40,0
DA:42,0
DA:43,0
DA:46,0
DA:47,0
DA:50,0
DA:51,0
DA:52,0
DA:53,0
DA:54,0
DA:57,0
DA:63,0
DA:64,0
DA:67,0
DA:68,0
DA:69,0
DA:70,0
DA:73,0
DA:74,0
DA:84,0
DA:85,0
DA:88,0
DA:89,0
DA:90,0
DA:92,0
DA:93,0
DA:94,0
DA:98,0
DA:107,0
DA:108,0
DA:109,0
DA:110,0
DA:111,0
DA:112,0
DA:125,0
DA:126,0
DA:129,0
DA:130,0
DA:135,0
DA:136,0
DA:137,0
DA:150,0
DA:158,0
DA:170,0
DA:171,0
DA:174,0
DA:175,0
DA:179,0
DA:187,0
DA:189,0
DA:192,0
DA:193,0
DA:194,0
DA:195,0
DA:199,0
DA:202,0
DA:208,0
DA:210,0
DA:211,0
DA:221,0
DA:223,0
DA:224,0
DA:225,0
DA:228,0
DA:236,0
DA:238,0
DA:240,0
DA:243,0
DA:251,0
DA:260,0
DA:261,0
DA:267,0
DA:270,0
DA:271,0
DA:279,0
DA:286,0
DA:291,0
DA:300,0
DA:320,0
DA:322,0
DA:323,0
DA:326,0
DA:327,0
DA:330,0
DA:339,0
DA:340,0
DA:344,0
DA:345,0
DA:348,0
DA:351,0
DA:364,0
DA:365,0
DA:368,0
DA:373,0
LF:96
LH:0
BRDA:39,0,0,0
BRDA:39,1,0,0
BRDA:42,2,0,0
BRDA:42,2,1,0
BRDA:83,3,0,0
BRDA:84,4,0,0
BRDA:84,4,1,0
BRDA:92,5,0,0
BRDA:92,5,1,0
BRDA:107,6,0,0
BRDA:107,6,1,0
BRDA:109,7,0,0
BRDA:109,7,1,0
BRDA:111,8,0,0
BRDA:111,8,1,0
BRDA:125,9,0,0
BRDA:125,9,1,0
BRDA:126,10,0,0
BRDA:126,10,1,0
BRDA:129,11,0,0
BRDA:129,11,1,0
BRDA:136,12,0,0
BRDA:136,12,1,0
BRDA:169,13,0,0
BRDA:170,14,0,0
BRDA:170,14,1,0
BRDA:174,15,0,0
BRDA:174,15,1,0
BRDA:180,16,0,0
BRDA:180,16,1,0
BRDA:183,17,0,0
BRDA:183,17,1,0
BRDA:192,18,0,0
BRDA:192,18,1,0
BRDA:194,19,0,0
BRDA:194,19,1,0
BRDA:223,20,0,0
BRDA:223,20,1,0
BRDA:319,21,0,0
BRDA:319,22,0,0
BRDA:322,23,0,0
BRDA:322,23,1,0
BRDA:326,24,0,0
BRDA:326,24,1,0
BRDA:338,25,0,0
BRDA:339,26,0,0
BRDA:339,26,1,0
BRDA:344,27,0,0
BRDA:344,27,1,0
BRDA:345,28,0,0
BRDA:345,28,1,0
BRDA:364,29,0,0
BRDA:364,29,1,0
BRDA:365,30,0,0
BRDA:365,30,1,0
BRF:55
BRH:0
end_of_record
TN:
SF:lib/history/ConversationHistory.js
FN:22,(anonymous_0)
FN:38,(anonymous_1)
FN:85,(anonymous_2)
FN:94,(anonymous_3)
FN:109,(anonymous_4)
FN:124,(anonymous_5)
FN:133,(anonymous_6)
FN:149,(anonymous_7)
FN:157,(anonymous_8)
FN:166,(anonymous_9)
FNF:10
FNH:0
FNDA:0,(anonymous_0)
FNDA:0,(anonymous_1)
FNDA:0,(anonymous_2)
FNDA:0,(anonymous_3)
FNDA:0,(anonymous_4)
FNDA:0,(anonymous_5)
FNDA:0,(anonymous_6)
FNDA:0,(anonymous_7)
FNDA:0,(anonymous_8)
FNDA:0,(anonymous_9)
DA:23,0
DA:24,0
DA:25,0
DA:39,0
DA:40,0
DA:43,0
DA:44,0
DA:48,0
DA:49,0
DA:55,0
DA:56,0
DA:57,0
DA:66,0
DA:69,0
DA:72,0
DA:74,0
DA:86,0
DA:87,0
DA:90,0
DA:93,0
DA:94,0
DA:97,0
DA:98,0
DA:101,0
DA:110,0
DA:111,0
DA:112,0
DA:114,0
DA:125,0
DA:126,0
DA:127,0
DA:131,0
DA:133,0
DA:137,0
DA:138,0
DA:141,0
DA:150,0
DA:159,0
DA:167,0
DA:168,0
DA:171,0
DA:172,0
DA:173,0
DA:177,0
DA:178,0
DA:179,0
DA:183,0
LF:47
LH:0
BRDA:22,0,0,0
BRDA:22,1,0,0
BRDA:22,2,0,0
BRDA:38,3,0,0
BRDA:38,4,0,0
BRDA:39,5,0,0
BRDA:39,5,1,0
BRDA:43,6,0,0
BRDA:43,6,1,0
BRDA:48,7,0,0
BRDA:48,7,1,0
BRDA:85,8,0,0
BRDA:86,9,0,0
BRDA:86,9,1,0
BRDA:93,10,0,0
BRDA:93,10,1,0
BRDA:97,11,0,0
BRDA:97,11,1,0
BRDA:110,12,0,0
BRDA:110,12,1,0
BRDA:124,13,0,0
BRDA:124,14,0,0
BRDA:126,15,0,0
BRDA:126,15,1,0
BRDA:133,16,0,0
BRDA:133,16,1,0
BRDA:137,17,0,0
BRDA:137,17,1,0
BRDA:150,18,0,0
BRDA:150,18,1,0
BRDA:159,19,0,0
BRDA:159,19,1,0
BRDA:168,20,0,0
BRDA:168,20,1,0
BRDA:177,21,0,0
BRDA:177,21,1,0
BRF:36
BRH:0
end_of_record
TN:
SF:lib/message/MessageRouter.js
FN:16,(anonymous_0)
FN:52,(anonymous_1)
FN:78,(anonymous_2)
FN:128,(anonymous_3)
FN:139,(anonymous_4)
FN:151,(anonymous_5)
FN:164,(anonymous_6)
FN:176,(anonymous_7)
FN:185,(anonymous_8)
FN:206,(anonymous_9)
FNF:10
FNH:0
FNDA:0,(anonymous_0)
FNDA:0,(anonymous_1)
FNDA:0,(anonymous_2)
FNDA:0,(anonymous_3)
FNDA:0,(anonymous_4)
FNDA:0,(anonymous_5)
FNDA:0,(anonymous_6)
FNDA:0,(anonymous_7)
FNDA:0,(anonymous_8)
FNDA:0,(anonymous_9)
DA:22,0
DA:24,0
DA:25,0
DA:28,0
DA:29,0
DA:30,0
DA:31,0
DA:34,0
DA:37,0
DA:40,0
DA:43,0
DA:53,0
DA:54,0
DA:57,0
DA:58,0
DA:59,0
DA:63,0
DA:64,0
DA:68,0
DA:69,0
DA:70,0
DA:79,0
DA:80,0
DA:83,0
DA:84,0
DA:88,0
DA:91,0
DA:93,0
DA:95,0
DA:96,0
DA:100,0
DA:101,0
DA:102,0
DA:106,0
DA:109,0
DA:112,0
DA:115,0
DA:118,0
DA:121,0
DA:124,0
DA:125,0
DA:128,0
DA:142,0
DA:153,0
DA:154,0
DA:158,0
DA:159,0
DA:160,0
DA:164,0
DA:165,0
DA:168,0
DA:176,0
DA:186,0
DA:187,0
DA:188,0
DA:190,0
DA:208,0
DA:211,0
DA:212,0
DA:213,0
LF:60
LH:0
BRDA:16,0,0,0
BRDA:18,1,0,0
BRDA:19,2,0,0
BRDA:20,3,0,0
BRDA:24,4,0,0
BRDA:24,4,1,0
BRDA:54,5,0,0
BRDA:54,5,1,0
BRDA:57,6,0,0
BRDA:57,6,1,0
BRDA:63,7,0,0
BRDA:63,7,1,0
BRDA:79,8,0,0
BRDA:79,8,1,0
BRDA:80,9,0,0
BRDA:80,9,1,0
BRDA:83,10,0,0
BRDA:83,10,1,0
BRDA:83,11,0,0
BRDA:83,11,1,0
BRDA:95,12,0,0
BRDA:95,12,1,0
BRDA:101,13,0,0
BRDA:101,13,1,0
BRDA:124,14,0,0
BRDA:124,14,1,0
BRDA:153,15,0,0
BRDA:153,15,1,0
BRDA:158,16,0,0
BRDA:158,16,1,0
BRDA:186,17,0,0
BRDA:186,17,1,0
BRDA:187,18,0,0
BRDA:187,18,1,0
BRDA:188,19,0,0
BRDA:188,19,1,0
BRF:36
BRH:0
end_of_record
TN:
SF:lib/storage/SessionStorage.js
FN:18,(anonymous_0)
FN:27,(anonymous_1)
FN:36,(anonymous_2)
FN:45,(anonymous_3)
FN:59,(anonymous_4)
FN:70,(anonymous_5)
FN:86,(anonymous_6)
FN:95,(anonymous_7)
FN:125,(anonymous_8)
FN:146,(anonymous_9)
FN:167,(anonymous_10)
FN:172,(anonymous_11)
FN:184,(anonymous_12)
FN:210,(anonymous_13)
FNF:14
FNH:0
FNDA:0,(anonymous_0)
FNDA:0,(anonymous_1)
FNDA:0,(anonymous_2)
FNDA:0,(anonymous_3)
FNDA:0,(anonymous_4)
FNDA:0,(anonymous_5)
FNDA:0,(anonymous_6)
FNDA:0,(anonymous_7)
FNDA:0,(anonymous_8)
FNDA:0,(anonymous_9)
FNDA:0,(anonymous_10)
FNDA:0,(anonymous_11)
FNDA:0,(anonymous_12)
FNDA:0,(anonymous_13)
DA:6,0
DA:7,0
DA:19,0
DA:28,0
DA:37,0
DA:46,0
DA:60,0
DA:61,0
DA:62,0
DA:63,0
DA:71,0
DA:72,0
DA:73,0
DA:74,0
DA:76,0
DA:77,0
DA:87,0
DA:96,0
DA:98,0
DA:99,0
DA:100,0
DA:107,0
DA:108,0
DA:113,0
DA:115,0
DA:116,0
DA:126,0
DA:127,0
DA:129,0
DA:130,0
DA:131,0
DA:133,0
DA:134,0
DA:136,0
DA:137,0
DA:147,0
DA:148,0
DA:150,0
DA:151,0
DA:152,0
DA:154,0
DA:155,0
DA:157,0
DA:158,0
DA:168,0
DA:170,0
DA:171,0
DA:172,0
DA:175,0
DA:177,0
DA:178,0
DA:179,0
DA:180,0
DA:181,0
DA:182,0
DA:184,0
DA:185,0
DA:188,0
DA:189,0
DA:193,0
DA:198,0
DA:200,0
DA:201,0
DA:211,0
DA:212,0
DA:213,0
DA:215,0
DA:216,0
DA:218,0
DA:219,0
DA:220,0
DA:221,0
DA:225,0
DA:227,0
DA:228,0
LF:75
LH:0
BRDA:45,0,0,0
BRDA:59,1,0,0
BRDA:59,2,0,0
BRDA:61,3,0,0
BRDA:61,3,1,0
BRDA:71,4,0,0
BRDA:71,4,1,0
BRDA:98,5,0,0
BRDA:98,5,1,0
BRDA:104,6,0,0
BRDA:104,6,1,0
BRDA:133,7,0,0
BRDA:133,7,1,0
BRDA:154,8,0,0
BRDA:154,8,1,0
BRDA:167,9,0,0
BRDA:182,10,0,0
BRDA:182,10,1,0
BRDA:188,11,0,0
BRDA:188,11,1,0
BRDA:210,12,0,0
BRDA:219,13,0,0
BRDA:219,13,1,0
BRDA:219,14,0,0
BRDA:219,14,1,0
BRF:25
BRH:0
end_of_record
TN:
SF:lib/validation/workspaceValidator.js
FN:13,(anonymous_0)
FN:29,(anonymous_1)
FN:56,(anonymous_2)
FN:88,(anonymous_3)
FN:127,(anonymous_4)
FN:158,(anonymous_5)
FNF:6
FNH:0
FNDA:0,(anonymous_0)
FNDA:0,(anonymous_1)
FNDA:0,(anonymous_2)
FNDA:0,(anonymous_3)
FNDA:0,(anonymous_4)
FNDA:0,(anonymous_5)
DA:1,0
DA:14,0
DA:15,0
DA:18,0
DA:19,0
DA:20,0
DA:21,0
DA:30,0
DA:31,0
DA:35,0
DA:36,0
DA:37,0
DA:40,0
DA:41,0
DA:51,0
DA:52,0
DA:55,0
DA:56,0
DA:57,0
DA:65,0
DA:71,0
DA:73,0
DA:74,0
DA:89,0
DA:90,0
DA:98,0
DA:99,0
DA:100,0
DA:103,0
DA:106,0
DA:107,0
DA:108,0
DA:111,0
DA:112,0
DA:122,0
DA:123,0
DA:126,0
DA:127,0
DA:128,0
DA:136,0
DA:141,0
DA:143,0
DA:147,0
DA:159,0
DA:163,0
LF:45
LH:0
BRDA:13,0,0,0
BRDA:13,1,0,0
BRDA:13,2,0,0
BRDA:14,3,0,0
BRDA:14,3,1,0
BRDA:30,4,0,0
BRDA:30,4,1,0
BRDA:36,5,0,0
BRDA:36,5,1,0
BRDA:36,6,0,0
BRDA:36,6,1,0
BRDA:51,7,0,0
BRDA:51,7,1,0
BRDA:55,8,0,0
BRDA:55,8,1,0
BRDA:60,9,0,0
BRDA:60,9,1,0
BRDA:89,10,0,0
BRDA:89,10,1,0
BRDA:89,11,0,0
BRDA:89,11,1,0
BRDA:99,12,0,0
BRDA:99,12,1,0
BRDA:107,13,0,0
BRDA:107,13,1,0
BRDA:107,14,0,0
BRDA:107,14,1,0
BRDA:122,15,0,0
BRDA:122,15,1,0
BRDA:126,16,0,0
BRDA:126,16,1,0
BRDA:131,17,0,0
BRDA:131,17,1,0
BRF:33
BRH:0
end_of_record
